<?xml version="1.0" encoding="utf-8"?><testsuites name="pytest tests"><testsuite name="pytest" errors="0" failures="0" skipped="1" tests="6" time="5.200" timestamp="2026-06-06T12:59:28.529047+00:00" hostname="agent-env-2a674369-c31a-4a86-a0c2-5398e9495a35"><testcase classname="backend.tests.test_spartan_backend.TestAdmin" name="test_overview_no_auth_401" time="0.235" /><testcase classname="backend.tests.test_spartan_backend.TestAdmin" name="test_overview_wrong_token_403" time="0.048" /><testcase classname="backend.tests.test_spartan_backend.TestAdmin" name="test_overview_valid_token_200_structure" time="0.073" /><testcase classname="backend.tests.test_spartan_backend.TestAdmin" name="test_admin_contacts_no_pii_id" time="0.322" /><testcase classname="backend.tests.test_spartan_backend.TestAdmin" name="test_admin_eligibility_no_pii" time="4.402" /><testcase classname="backend.tests.test_spartan_backend.TestAdmin" name="test_eligibility_persists_anonymously" time="0.052"><skipped type="pytest.skip" message="MONGO_URL/DB_NAME not set">/app/backend/tests/test_spartan_backend.py:379: MONGO_URL/DB_NAME not set</skipped></testcase></testsuite></testsuites>