<?xml version="1.0" encoding="utf-8"?><testsuites name="pytest tests"><testsuite name="pytest" errors="0" failures="0" skipped="1" tests="16" time="11.876" timestamp="2026-06-06T13:12:07.353882+00:00" hostname="agent-env-2a674369-c31a-4a86-a0c2-5398e9495a35"><testcase classname="backend.tests.test_cors_local.TestCORSLocal" name="test_health_works_on_localhost" time="0.003" /><testcase classname="backend.tests.test_cors_local.TestCORSLocal" name="test_preflight_allowed_origin_echoes" time="0.002" /><testcase classname="backend.tests.test_cors_local.TestCORSLocal" name="test_preflight_disallowed_origin_no_acao" time="0.001" /><testcase classname="backend.tests.test_cors_local.TestCORSLocal" name="test_localhost_origins_allowed" time="0.002" /><testcase classname="backend.tests.test_spartan_backend.TestAdminTokenRotation" name="test_old_token_rejected" time="0.211" /><testcase classname="backend.tests.test_spartan_backend.TestAdminTokenRotation" name="test_new_token_accepted" time="0.052" /><testcase classname="backend.tests.test_spartan_backend.TestAdmin" name="test_overview_no_auth_401" time="0.044" /><testcase classname="backend.tests.test_spartan_backend.TestAdmin" name="test_overview_wrong_token_403" time="0.044" /><testcase classname="backend.tests.test_spartan_backend.TestAdmin" name="test_overview_valid_token_200_structure" time="0.049" /><testcase classname="backend.tests.test_spartan_backend.TestAdmin" name="test_admin_contacts_no_pii_id" time="0.306" /><testcase classname="backend.tests.test_spartan_backend.TestAdmin" name="test_admin_eligibility_no_pii" time="4.842" /><testcase classname="backend.tests.test_spartan_backend.TestAdmin" name="test_eligibility_persists_anonymously" time="0.048"><skipped type="pytest.skip" message="MONGO_URL/DB_NAME not set">/app/backend/tests/test_spartan_backend.py:398: MONGO_URL/DB_NAME not set</skipped></testcase><testcase classname="backend.tests.test_spartan_backend.TestContact" name="test_contact_valid" time="0.213" /><testcase classname="backend.tests.test_spartan_backend.TestContact" name="test_contact_validation_error" time="0.045" /><testcase classname="backend.tests.test_spartan_backend.TestEligibility" name="test_eligibility_likely_dementia" time="5.890" /><testcase classname="backend.tests.test_spartan_backend.TestDrills" name="test_drills_today" time="0.045" /></testsuite></testsuites>