<?xml version="1.0" encoding="utf-8"?><testsuites name="pytest tests"><testsuite name="pytest" errors="0" failures="0" skipped="0" tests="5" time="14.178" timestamp="2026-06-06T11:49:01.897526+00:00" hostname="agent-env-2a674369-c31a-4a86-a0c2-5398e9495a35"><testcase classname="backend.tests.test_spartan_backend.TestEligibility" name="test_eligibility_likely_dementia" time="4.025" /><testcase classname="backend.tests.test_spartan_backend.TestEligibility" name="test_eligibility_weak_chf_not_likely" time="3.200" /><testcase classname="backend.tests.test_spartan_backend.TestEligibility" name="test_eligibility_empty_indicators_still_works" time="3.405" /><testcase classname="backend.tests.test_spartan_backend.TestEligibility" name="test_eligibility_missing_diagnosis_422" time="0.044" /><testcase classname="backend.tests.test_spartan_backend.TestEligibility" name="test_eligibility_persists_anonymously" time="3.449" /></testsuite></testsuites>