<?xml version="1.0" encoding="utf-8"?><testsuites name="pytest tests"><testsuite name="pytest" errors="0" failures="3" skipped="0" tests="20" time="29.290" timestamp="2026-06-06T07:16:31.706596+00:00" hostname="agent-env-2a674369-c31a-4a86-a0c2-5398e9495a35"><testcase classname="backend.tests.test_spartan_backend.TestHealthAndMethod" name="test_health" time="0.153" /><testcase classname="backend.tests.test_spartan_backend.TestHealthAndMethod" name="test_method" time="0.049" /><testcase classname="backend.tests.test_spartan_backend.TestDrills" name="test_drills_today" time="0.050" /><testcase classname="backend.tests.test_spartan_backend.TestDrills" name="test_drills_all" time="0.049"><failure message="AssertionError: assert 38 == 40&#10; +  where 38 = len([{'category': 'Prospecting', 'drill': 'Review your territory map and identify the top 3 referral sources you have not contacted in 30 days. Send each a personalized value message today.', 'index': 0}, {'category': 'Prospecting', 'drill': 'Identify 5 new potential referral sources in your territory that you have never visited. Research each one and plan your approach for this week.', 'index': 1}, {'category': 'Prospecting', 'drill': 'Create a value drop for your top prospect. Find a relevant article, case study, or industry insight to share with no sales ask attached.', 'index': 2}, {'category': 'Prospecting', 'drill': 'Look at your calendar for the next two weeks. Identify any day where you have fewer than 4 conversations scheduled and fill those gaps now.', 'index': 3}, {'category': 'Prospecting', 'drill': 'List your top 5 referral sources from last quarter. Have any gone quiet? Plan a specific value touch for each one this week.', 'index': 4}, {'category': 'Communication', 'drill': 'Practice your elevator pitch 3 times out loud. Time yourself. Can you deliver it confidently in under 60 seconds?', 'index': 5}, ...])">backend/tests/test_spartan_backend.py:40: in test_drills_all
    assert len(drills) == 40
E   AssertionError: assert 38 == 40
E    +  where 38 = len([{'category': 'Prospecting', 'drill': 'Review your territory map and identify the top 3 referral sources you have not contacted in 30 days. Send each a personalized value message today.', 'index': 0}, {'category': 'Prospecting', 'drill': 'Identify 5 new potential referral sources in your territory that you have never visited. Research each one and plan your approach for this week.', 'index': 1}, {'category': 'Prospecting', 'drill': 'Create a value drop for your top prospect. Find a relevant article, case study, or industry insight to share with no sales ask attached.', 'index': 2}, {'category': 'Prospecting', 'drill': 'Look at your calendar for the next two weeks. Identify any day where you have fewer than 4 conversations scheduled and fill those gaps now.', 'index': 3}, {'category': 'Prospecting', 'drill': 'List your top 5 referral sources from last quarter. Have any gone quiet? Plan a specific value touch for each one this week.', 'index': 4}, {'category': 'Communication', 'drill': 'Practice your elevator pitch 3 times out loud. Time yourself. Can you deliver it confidently in under 60 seconds?', 'index': 5}, ...])</failure></testcase><testcase classname="backend.tests.test_spartan_backend.TestDrills" name="test_drill_streak_flow" time="0.183" /><testcase classname="backend.tests.test_spartan_backend.TestKnowledge" name="test_knowledge_all" time="0.047" /><testcase classname="backend.tests.test_spartan_backend.TestKnowledge" name="test_knowledge_query_fast" time="0.046" /><testcase classname="backend.tests.test_spartan_backend.TestKnowledge" name="test_knowledge_query_medicare_case_insensitive" time="0.044" /><testcase classname="backend.tests.test_spartan_backend.TestKnowledge" name="test_knowledge_category_filter" time="0.047" /><testcase classname="backend.tests.test_spartan_backend.TestRoleplayScenarios" name="test_scenarios_list" time="0.046" /><testcase classname="backend.tests.test_spartan_backend.TestAIEndpoints" name="test_ask" time="10.281" /><testcase classname="backend.tests.test_spartan_backend.TestAIEndpoints" name="test_chat" time="4.175" /><testcase classname="backend.tests.test_spartan_backend.TestAIEndpoints" name="test_objection" time="5.479" /><testcase classname="backend.tests.test_spartan_backend.TestAIEndpoints" name="test_playbook" time="6.588" /><testcase classname="backend.tests.test_spartan_backend.TestAIEndpoints" name="test_roleplay_turn" time="1.054" /><testcase classname="backend.tests.test_spartan_backend.TestAIEndpoints" name="test_roleplay_turn_invalid_scenario" time="0.048" /><testcase classname="backend.tests.test_spartan_backend.TestAIEndpoints" name="test_roleplay_feedback" time="0.257"><failure message="AssertionError: {&quot;detail&quot;:&quot;AI generation failed: Failed to generate chat completion: litellm.BadRequestError: OpenAIException - Budget has been exceeded! Current cost: 0.007435300000000001, Max budget: 0.001&quot;}&#10;assert 500 == 200&#10; +  where 500 = &lt;Response [500]&gt;.status_code">backend/tests/test_spartan_backend.py:187: in test_roleplay_feedback
    assert r.status_code == 200, r.text
E   AssertionError: {"detail":"AI generation failed: Failed to generate chat completion: litellm.BadRequestError: OpenAIException - Budget has been exceeded! Current cost: 0.007435300000000001, Max budget: 0.001"}
E   assert 500 == 200
E    +  where 500 = &lt;Response [500]&gt;.status_code</failure></testcase><testcase classname="backend.tests.test_spartan_backend.TestAIEndpoints" name="test_ai_long_input" time="0.248"><failure message="AssertionError: {&quot;detail&quot;:&quot;AI generation failed: Failed to generate chat completion: litellm.BadRequestError: OpenAIException - Budget has been exceeded! Current cost: 0.007435300000000001, Max budget: 0.001&quot;}&#10;assert 500 == 200&#10; +  where 500 = &lt;Response [500]&gt;.status_code">backend/tests/test_spartan_backend.py:195: in test_ai_long_input
    assert r.status_code == 200, r.text
E   AssertionError: {"detail":"AI generation failed: Failed to generate chat completion: litellm.BadRequestError: OpenAIException - Budget has been exceeded! Current cost: 0.007435300000000001, Max budget: 0.001"}
E   assert 500 == 200
E    +  where 500 = &lt;Response [500]&gt;.status_code</failure></testcase><testcase classname="backend.tests.test_spartan_backend.TestContact" name="test_contact_valid" time="0.317" /><testcase classname="backend.tests.test_spartan_backend.TestContact" name="test_contact_validation_error" time="0.048" /></testsuite></testsuites>